<?xml version="1.0" encoding="UTF-8"?>
<!-- Generated by org.testng.reporters.JUnitReportReporter -->
<testsuite name="com.ja.test.ApproveRequestTest" tests="5" time="32.758" ignored="3" failures="0" timestamp="18 Dec 2018 08:38:25 GMT" skipped="0" hostname="NDI-LAP-790" errors="0">
  <testcase name="verifyTotalNumberOfCourseRequest" time="2.143" classname="com.ja.test.ApproveRequestTest"/>
  <testcase name="verifyCourseRequestApproved" time="10.759" classname="com.ja.test.ApproveRequestTest"/>
  <testcase name="verifyPostAPIAndLogin" time="12.507" classname="com.ja.test.ApproveRequestTest"/>
  <testcase name="verifyRequestHeaderInApproveRequest" time="2.749" classname="com.ja.test.ApproveRequestTest"/>
  <testcase name="verifyTableData" time="4.600" classname="com.ja.test.ApproveRequestTest"/>
  <testcase name="verifyloginWithInValidCredentials" classname="com.ja.test.AccountLoginTest">
    <skipped/>
  </testcase> <!-- verifyloginWithInValidCredentials -->
  <testcase name="verifyTableHeader" classname="com.ja.test.ApproveRequestTest">
    <skipped/>
  </testcase> <!-- verifyTableHeader -->
  <testcase name="verifyRequestFieldsTitle" classname="com.ja.test.ApproveRequestTest">
    <skipped/>
  </testcase> <!-- verifyRequestFieldsTitle -->
</testsuite> <!-- com.ja.test.ApproveRequestTest -->
