<?xml version="1.0" encoding="UTF-8"?>
<!-- Generated by org.testng.reporters.JUnitReportReporter -->
<testsuite name="com.ja.test.AccountLoginTest" tests="1" time="19.109" ignored="3" failures="0" timestamp="18 Dec 2018 08:38:25 GMT" skipped="0" hostname="NDI-LAP-790" errors="0">
  <testcase name="verifyloginWithValidCredentials" time="19.109" classname="com.ja.test.AccountLoginTest"/>
  <testcase name="verifyloginWithInValidCredentials" classname="com.ja.test.AccountLoginTest">
    <skipped/>
  </testcase> <!-- verifyloginWithInValidCredentials -->
  <testcase name="verifyTableHeader" classname="com.ja.test.ApproveRequestTest">
    <skipped/>
  </testcase> <!-- verifyTableHeader -->
  <testcase name="verifyRequestFieldsTitle" classname="com.ja.test.ApproveRequestTest">
    <skipped/>
  </testcase> <!-- verifyRequestFieldsTitle -->
</testsuite> <!-- com.ja.test.AccountLoginTest -->
